<?xml version="1.0" encoding="UTF-8"?>
<testng-results ignored="0" total="1" passed="1" failed="0" skipped="0">
  <reporter-output>
  </reporter-output>
  <suite started-at="2022-03-17T11:04:43 IST" name="Suite" finished-at="2022-03-17T11:04:43 IST" duration-ms="38">
    <groups>
    </groups>
    <test started-at="2022-03-17T11:04:43 IST" name="Test" finished-at="2022-03-17T11:04:43 IST" duration-ms="38">
      <class name="com.crm.PRACTICE.ReadDataFromSuiteXMLfileTest">
        <test-method signature="readDataFromXML(org.testng.xml.XmlTest)[pri:0, instance:com.crm.PRACTICE.ReadDataFromSuiteXMLfileTest@649bec2e]" started-at="2022-03-17T11:04:43 IST" name="readDataFromXML" finished-at="2022-03-17T11:04:43 IST" duration-ms="8" status="PASS">
          <params>
            <param index="0">
              <value>
                <![CDATA[org.testng.xml.XmlTest@f62aa8b8]]>
              </value>
            </param>
          </params>
          <reporter-output>
          </reporter-output>
        </test-method> <!-- readDataFromXML -->
      </class> <!-- com.crm.PRACTICE.ReadDataFromSuiteXMLfileTest -->
    </test> <!-- Test -->
  </suite> <!-- Suite -->
</testng-results>
